2023-08-14 15:10:22	INFO	common/logger.go:110	sophgo.com/mixmode/utils/common.InitLogger	初始化zap日志完成!
2023-08-14 15:11:03	INFO	common/logger.go:110	sophgo.com/mixmode/utils/common.InitLogger	初始化zap日志完成!
2023-08-14 15:11:03	INFO	common/validator.go:27	sophgo.com/mixmode/utils/common.InitValidate	初始化validator.v10数据校验器完成
2023-08-14 15:13:32	INFO	common/logger.go:110	sophgo.com/mixmode/utils/common.InitLogger	初始化zap日志完成!
2023-08-14 15:13:32	INFO	common/validator.go:27	sophgo.com/mixmode/utils/common.InitValidate	初始化validator.v10数据校验器完成
2023-08-14 15:13:32	INFO	routes/a_routes.go:43	sophgo.com/mixmode/routes.InitRoutes	初始化路由完成！
2023-08-14 15:13:32	INFO	server/main.go:61	main.main	Server is running at 0.0.0.0:8888/api
2023-08-14 15:23:38	INFO	common/logger.go:110	sophgo.com/mixmode/utils/common.InitLogger	初始化zap日志完成!
2023-08-14 15:23:38	INFO	common/validator.go:27	sophgo.com/mixmode/utils/common.InitValidate	初始化validator.v10数据校验器完成
2023-08-14 15:23:38	INFO	routes/a_routes.go:28	sophgo.com/mixmode/routes.InitRoutes	初始化路由完成！
2023-08-14 15:23:38	INFO	server/main.go:58	main.main	Server is running at 0.0.0.0:8899/api
2023-08-14 15:48:23	INFO	server/main.go:69	main.main	Shutting down server...
2023-08-14 15:48:23	INFO	server/main.go:79	main.main	Server exiting!
2023-08-14 15:51:39	INFO	common/logger.go:110	sophgo.com/mixmode/utils/common.InitLogger	初始化zap日志完成!
2023-08-14 15:51:39	INFO	common/validator.go:27	sophgo.com/mixmode/utils/common.InitValidate	初始化validator.v10数据校验器完成
2023-08-14 15:51:39	INFO	routes/a_routes.go:28	sophgo.com/mixmode/routes.InitRoutes	初始化路由完成！
2023-08-14 15:51:39	INFO	server/main.go:58	main.main	Server is running at 0.0.0.0:8899/api
2023-08-14 16:25:33	INFO	server/main.go:69	main.main	Shutting down server...
2023-08-14 16:25:33	INFO	server/main.go:79	main.main	Server exiting!
2023-08-14 22:20:53	INFO	common/logger.go:110	sophgo.com/mixmode/utils/common.InitLogger	初始化zap日志完成!
2023-08-14 22:20:53	INFO	common/validator.go:27	sophgo.com/mixmode/utils/common.InitValidate	初始化validator.v10数据校验器完成
2023-08-14 22:20:53	INFO	routes/a_routes.go:28	sophgo.com/mixmode/routes.InitRoutes	初始化路由完成！
2023-08-14 22:20:53	INFO	server/main.go:58	main.main	Server is running at 0.0.0.0:8899/api
2023-08-14 22:26:57	INFO	server/main.go:69	main.main	Shutting down server...
2023-08-14 22:26:57	INFO	server/main.go:79	main.main	Server exiting!
2023-08-14 22:27:09	INFO	common/logger.go:110	sophgo.com/mixmode/utils/common.InitLogger	初始化zap日志完成!
2023-08-14 22:27:10	INFO	common/validator.go:27	sophgo.com/mixmode/utils/common.InitValidate	初始化validator.v10数据校验器完成
2023-08-14 22:27:10	INFO	routes/a_routes.go:28	sophgo.com/mixmode/routes.InitRoutes	初始化路由完成！
2023-08-14 22:27:10	INFO	server/main.go:58	main.main	Server is running at 0.0.0.0:8899/
2023-08-14 22:32:49	INFO	server/main.go:69	main.main	Shutting down server...
2023-08-14 22:32:49	INFO	server/main.go:79	main.main	Server exiting!
2023-08-14 22:33:20	INFO	common/logger.go:110	sophgo.com/mixmode/utils/common.InitLogger	初始化zap日志完成!
2023-08-14 22:33:20	INFO	common/validator.go:27	sophgo.com/mixmode/utils/common.InitValidate	初始化validator.v10数据校验器完成
2023-08-14 22:33:20	INFO	routes/a_routes.go:28	sophgo.com/mixmode/routes.InitRoutes	初始化路由完成！
2023-08-14 22:33:20	INFO	server/main.go:58	main.main	Server is running at 0.0.0.0:8899/api
2023-08-14 22:35:28	INFO	server/main.go:69	main.main	Shutting down server...
2023-08-14 22:35:28	INFO	server/main.go:79	main.main	Server exiting!
2023-08-14 22:35:36	INFO	common/logger.go:110	sophgo.com/mixmode/utils/common.InitLogger	初始化zap日志完成!
2023-08-14 22:35:36	INFO	common/validator.go:27	sophgo.com/mixmode/utils/common.InitValidate	初始化validator.v10数据校验器完成
2023-08-14 22:35:36	INFO	routes/a_routes.go:28	sophgo.com/mixmode/routes.InitRoutes	初始化路由完成！
2023-08-14 22:35:36	INFO	server/main.go:58	main.main	Server is running at 0.0.0.0:8899/api
2023-08-14 22:41:05	INFO	server/main.go:69	main.main	Shutting down server...
2023-08-14 22:41:05	INFO	server/main.go:79	main.main	Server exiting!
2023-08-14 22:41:10	INFO	common/logger.go:110	sophgo.com/mixmode/utils/common.InitLogger	初始化zap日志完成!
2023-08-14 22:41:10	INFO	common/validator.go:27	sophgo.com/mixmode/utils/common.InitValidate	初始化validator.v10数据校验器完成
2023-08-14 22:41:10	INFO	routes/a_routes.go:28	sophgo.com/mixmode/routes.InitRoutes	初始化路由完成！
2023-08-14 22:41:10	INFO	server/main.go:58	main.main	Server is running at 0.0.0.0:8899/
2023-08-14 22:41:52	INFO	server/main.go:69	main.main	Shutting down server...
2023-08-14 22:41:52	INFO	server/main.go:79	main.main	Server exiting!
2023-08-14 22:41:55	INFO	common/logger.go:110	sophgo.com/mixmode/utils/common.InitLogger	初始化zap日志完成!
2023-08-14 22:41:55	INFO	common/validator.go:27	sophgo.com/mixmode/utils/common.InitValidate	初始化validator.v10数据校验器完成
2023-08-14 22:41:55	INFO	routes/a_routes.go:29	sophgo.com/mixmode/routes.InitRoutes	初始化路由完成！
2023-08-14 22:41:55	INFO	server/main.go:58	main.main	Server is running at 0.0.0.0:8899/
2023-08-14 23:04:49	INFO	common/logger.go:110	sophgo.com/mixmode/utils/common.InitLogger	初始化zap日志完成!
2023-08-14 23:04:49	INFO	common/validator.go:27	sophgo.com/mixmode/utils/common.InitValidate	初始化validator.v10数据校验器完成
2023-08-14 23:04:49	INFO	routes/a_routes.go:29	sophgo.com/mixmode/routes.InitRoutes	初始化路由完成！
2023-08-14 23:04:49	INFO	server/main.go:58	main.main	Server is running at 0.0.0.0:8899/
2023-08-15 00:39:44	INFO	server/main.go:69	main.main	Shutting down server...
2023-08-15 00:39:44	INFO	server/main.go:79	main.main	Server exiting!
