2023-08-17 00:46:57	INFO	common/logger.go:110	sophgo.com/mixmode/utils/common.InitLogger	初始化zap日志完成!
2023-08-17 00:46:57	INFO	common/validator.go:27	sophgo.com/mixmode/utils/common.InitValidate	初始化validator.v10数据校验器完成
2023-08-17 00:46:57	INFO	routes/a_routes.go:30	sophgo.com/mixmode/routes.InitRoutes	初始化路由完成！
2023-08-17 00:46:57	INFO	server/main.go:60	main.main	Server is running at 0.0.0.0:8899/
2023-08-17 01:44:36	INFO	server/main.go:71	main.main	Shutting down server...
2023-08-17 01:44:36	INFO	server/main.go:81	main.main	Server exiting!
2023-08-17 09:24:18	INFO	common/logger.go:110	sophgo.com/mixmode/utils/common.InitLogger	初始化zap日志完成!
2023-08-17 09:24:18	INFO	common/validator.go:27	sophgo.com/mixmode/utils/common.InitValidate	初始化validator.v10数据校验器完成
2023-08-17 09:24:18	INFO	routes/a_routes.go:30	sophgo.com/mixmode/routes.InitRoutes	初始化路由完成！
2023-08-17 09:24:18	INFO	server/main.go:60	main.main	Server is running at 0.0.0.0:8899/
2023-08-17 11:05:37	INFO	server/main.go:71	main.main	Shutting down server...
2023-08-17 11:05:37	INFO	server/main.go:81	main.main	Server exiting!
2023-08-17 14:41:30	INFO	common/logger.go:110	sophgo.com/mixmode/utils/common.InitLogger	初始化zap日志完成!
2023-08-17 14:41:30	INFO	common/validator.go:27	sophgo.com/mixmode/utils/common.InitValidate	初始化validator.v10数据校验器完成
2023-08-17 14:41:30	INFO	routes/a_routes.go:30	sophgo.com/mixmode/routes.InitRoutes	初始化路由完成！
2023-08-17 14:41:30	INFO	server/main.go:60	main.main	Server is running at 0.0.0.0:8899/
2023-08-17 14:41:34	INFO	server/main.go:71	main.main	Shutting down server...
2023-08-17 14:41:34	INFO	server/main.go:81	main.main	Server exiting!
2023-08-17 21:18:45	INFO	common/logger.go:110	sophgo.com/mixmode/utils/common.InitLogger	初始化zap日志完成!
2023-08-17 21:18:45	INFO	common/validator.go:27	sophgo.com/mixmode/utils/common.InitValidate	初始化validator.v10数据校验器完成
2023-08-17 21:18:45	INFO	routes/a_routes.go:31	sophgo.com/mixmode/routes.InitRoutes	初始化路由完成！
2023-08-17 21:18:45	INFO	server/main.go:60	main.main	Server is running at 0.0.0.0:8899/
2023-08-17 21:22:19	INFO	common/logger.go:110	sophgo.com/mixmode/utils/common.InitLogger	初始化zap日志完成!
2023-08-17 21:22:19	INFO	common/validator.go:27	sophgo.com/mixmode/utils/common.InitValidate	初始化validator.v10数据校验器完成
2023-08-17 21:22:19	INFO	routes/a_routes.go:31	sophgo.com/mixmode/routes.InitRoutes	初始化路由完成！
2023-08-17 21:22:19	INFO	server/main.go:60	main.main	Server is running at 0.0.0.0:8899/
2023-08-17 21:22:28	WARN	sophon/test.go:13	sophgo.com/mixmode/utils/sophon.TestCDMA	exec: "test_cdma_perf": executable file not found in $PATH
2023-08-17 21:22:34	WARN	sophon/test.go:13	sophgo.com/mixmode/utils/sophon.TestCDMA	exec: "test_cdma_perf": executable file not found in $PATH
2023-08-17 21:22:37	WARN	sophon/test.go:13	sophgo.com/mixmode/utils/sophon.TestCDMA	exec: "test_cdma_perf": executable file not found in $PATH
2023-08-17 21:23:12	INFO	server/main.go:71	main.main	Shutting down server...
2023-08-17 21:23:12	INFO	server/main.go:81	main.main	Server exiting!
2023-08-17 21:23:17	INFO	common/logger.go:110	sophgo.com/mixmode/utils/common.InitLogger	初始化zap日志完成!
2023-08-17 21:23:17	INFO	common/validator.go:27	sophgo.com/mixmode/utils/common.InitValidate	初始化validator.v10数据校验器完成
2023-08-17 21:23:17	INFO	routes/a_routes.go:31	sophgo.com/mixmode/routes.InitRoutes	初始化路由完成！
2023-08-17 21:23:17	INFO	server/main.go:60	main.main	Server is running at 0.0.0.0:8899/
2023-08-17 21:51:35	INFO	server/main.go:71	main.main	Shutting down server...
2023-08-17 21:51:35	INFO	server/main.go:81	main.main	Server exiting!
2023-08-17 21:51:44	INFO	common/logger.go:110	sophgo.com/mixmode/utils/common.InitLogger	初始化zap日志完成!
2023-08-17 21:51:44	INFO	common/validator.go:27	sophgo.com/mixmode/utils/common.InitValidate	初始化validator.v10数据校验器完成
2023-08-17 21:51:44	INFO	routes/a_routes.go:31	sophgo.com/mixmode/routes.InitRoutes	初始化路由完成！
2023-08-17 21:51:44	INFO	server/main.go:60	main.main	Server is running at 0.0.0.0:8899/
2023-08-17 21:52:39	WARN	sophon/test.go:26	sophgo.com/mixmode/utils/sophon.TestGDMA	exec: "test_gdma_perf": executable file not found in $PATH
2023-08-17 21:52:44	WARN	sophon/test.go:26	sophgo.com/mixmode/utils/sophon.TestGDMA	exec: "test_gdma_perf": executable file not found in $PATH
2023-08-17 22:05:47	WARN	sophon/test.go:26	sophgo.com/mixmode/utils/sophon.TestGDMA	exec: "test_gdma_perf": executable file not found in $PATH
2023-08-17 22:06:53	INFO	server/main.go:71	main.main	Shutting down server...
2023-08-17 22:06:53	INFO	server/main.go:81	main.main	Server exiting!
